<?xml version="1.0" encoding="UTF-8"?>
<!-- Generated by org.testng.reporters.JUnitReportReporter -->
<testsuite hostname="HAMILTON-QA6L" failures="0" tests="3" name="com.qa.tests.TestNGTest" time="0.010" errors="0" timestamp="2023-08-07T12:24:30 IST" skipped="2">
  <testcase classname="com.qa.tests.TestNGTest" name="loginUser" time="0.008">
    <skipped/>
  </testcase> <!-- loginUser -->
  <testcase classname="com.qa.tests.TestNGTest" name="purchase" time="0.002"/>
  <testcase classname="com.qa.tests.TestNGTest" name="registerUser">
    <skipped/>
  </testcase> <!-- registerUser -->
</testsuite> <!-- com.qa.tests.TestNGTest -->
