<?xml version="1.0" encoding="UTF-8"?>
<!-- Generated by org.testng.reporters.JUnitReportReporter -->
<testsuite hostname="HAMILTON-QA6L" failures="0" tests="2" name="com.qa.tests.TestNGAnnotations" time="0.009" errors="0" timestamp="2023-08-07T11:56:33 IST" skipped="0">
  <testcase classname="com.qa.tests.TestNGAnnotations" name="testMain1" time="0.006"/>
  <testcase classname="com.qa.tests.TestNGAnnotations" name="testMain2" time="0.003"/>
</testsuite> <!-- com.qa.tests.TestNGAnnotations -->
