<?xml version="1.0" encoding="UTF-8"?>
<!-- Generated by org.testng.reporters.JUnitReportReporter -->
<testsuite hostname="HAMILTON-QA6L" failures="0" tests="4" name="com.qa.tests.TestNGDemo" time="0.010" errors="0" timestamp="2023-08-07T12:24:30 IST" skipped="0">
  <testcase classname="com.qa.tests.TestNGDemo" name="registerUser" time="0.003"/>
  <testcase classname="com.qa.tests.TestNGDemo" name="loginUser" time="0.002"/>
  <testcase classname="com.qa.tests.TestNGDemo" name="purchase" time="0.003"/>
  <testcase classname="com.qa.tests.TestNGDemo" name="logout" time="0.002"/>
</testsuite> <!-- com.qa.tests.TestNGDemo -->
