<?xml version="1.0" encoding="UTF-8"?>
<!-- Generated by org.testng.reporters.JUnitReportReporter -->
<testsuite hostname="HAMILTON-QA6L" failures="0" tests="3" name="com.qa.tests.TestNGDataProvider" time="0.005" errors="0" timestamp="2023-08-07T12:24:30 IST" skipped="0">
  <testcase classname="com.qa.tests.TestNGDataProvider" name="testMain" time="0.001"/>
  <testcase classname="com.qa.tests.TestNGDataProvider" name="testMain" time="0.003"/>
  <testcase classname="com.qa.tests.TestNGDataProvider" name="testMain" time="0.001"/>
</testsuite> <!-- com.qa.tests.TestNGDataProvider -->
