<?xml version="1.0" encoding="UTF-8"?>
<!-- Generated by org.testng.reporters.JUnitReportReporter -->
<testsuite hostname="HAMILTON-QA6L" failures="0" tests="4" name="com.playwrightSession.PlaywrightSession.TestNGExample" time="0.013" errors="0" timestamp="2023-08-07T09:02:51 IST" skipped="0">
  <testcase classname="com.playwrightSession.PlaywrightSession.TestNGExample" name="secondTest" time="0.003"/>
  <testcase classname="com.playwrightSession.PlaywrightSession.TestNGExample" name="secondTest" time="0.001"/>
  <testcase classname="com.playwrightSession.PlaywrightSession.TestNGExample" name="secondTest" time="0.003"/>
  <testcase classname="com.playwrightSession.PlaywrightSession.TestNGExample" name="oneTest" time="0.006"/>
</testsuite> <!-- com.playwrightSession.PlaywrightSession.TestNGExample -->
